<?xml version="1.0" encoding="UTF-8"?>
<!-- Generated by org.testng.reporters.JUnitReportReporter -->
<testsuite hostname="IN-4DJ9WP3" failures="0" tests="1" name="TestRunner.cucumberFileTestRunner" time="0.053" errors="0" timestamp="2023-09-24T11:47:24 IST" skipped="0">
  <testcase classname="TestRunner.cucumberFileTestRunner" name="runScenario" time="0.053"/>
  <system-out/>
</testsuite> <!-- TestRunner.cucumberFileTestRunner -->
